Arguments: 
  /Applications/Hyper.app/Contents/MacOS/Hyper /Applications/Hyper.app/Contents/Resources/bin/yarn-standalone.js install --no-emoji --no-lockfile --cache-folder /Users/jack/.hyper_plugins/cache

PATH: 
  undefined

Yarn version: 
  1.3.2

Node version: 
  10.2.0

Platform: 
  darwin x64

npm manifest: 
  {
    "name": "hyper-plugins",
    "description": "Auto-generated from `~/.hyper.js`!",
    "private": true,
    "version": "0.0.1",
    "repository": "zeit/hyper",
    "license": "MIT",
    "homepage": "https://hyper.is",
    "dependencies": {
      "hyper-font-ligatures": "latest",
      "hyper-one-dark": "latest",
      "hyper-search": "latest",
      "hyper-pane": "latest",
      "hyperline": "latest"
    }
  }

yarn manifest: 
  No manifest

Lockfile: 
  No lockfile

Trace: 
  Error: read ETIMEDOUT
      at TLSWrap.onread (net.js:657:25)
